<?xml version="1.0" encoding="UTF-8"?>
<!-- Generated by org.testng.reporters.JUnitXMLReporter -->
<testsuite ignored="0" hostname="LAPTOP-0NBL84CE" failures="0" tests="4" name="Default test" time="7.357" errors="0" timestamp="2022-05-30T22:21:50 EET">
  <testcase classname="PetStoreAPIAutomation.PetStoreAPIAutomation.PetsStoreTests" name="GetAvailablePets" time="3.8"/>
  <testcase classname="PetStoreAPIAutomation.PetStoreAPIAutomation.PetsStoreTests" name="PostNewPets" time="0.962"/>
  <testcase classname="PetStoreAPIAutomation.PetStoreAPIAutomation.PetsStoreTests" name="PutNewPets" time="0.797"/>
  <testcase classname="PetStoreAPIAutomation.PetStoreAPIAutomation.PetsStoreTests" name="DeleteNewPets" time="0.847"/>
</testsuite> <!-- Default test -->
